{"/Users/sakuta/Desktop/Eorg-Server/app.js": {"path":"/Users/sakuta/Desktop/Eorg-Server/app.js","statementMap":{"0":{"start":{"line":1,"column":16},"end":{"line":1,"column":34}},"1":{"start":{"line":2,"column":13},"end":{"line":2,"column":28}},"2":{"start":{"line":3,"column":21},"end":{"line":3,"column":45}},"3":{"start":{"line":4,"column":15},"end":{"line":4,"column":32}},"4":{"start":{"line":5,"column":22},"end":{"line":5,"column":55}},"5":{"start":{"line":6,"column":15},"end":{"line":6,"column":32}},"6":{"start":{"line":7,"column":12},"end":{"line":7,"column":32}},"7":{"start":{"line":8,"column":18},"end":{"line":8,"column":47}},"8":{"start":{"line":9,"column":12},"end":{"line":9,"column":26}},"9":{"start":{"line":10,"column":15},"end":{"line":10,"column":32}},"10":{"start":{"line":11,"column":11},"end":{"line":11,"column":26}},"11":{"start":{"line":12,"column":21},"end":{"line":12,"column":57}},"12":{"start":{"line":15,"column":0},"end":{"line":15,"column":16}},"13":{"start":{"line":18,"column":0},"end":{"line":18,"column":13}},"14":{"start":{"line":21,"column":13},"end":{"line":21,"column":37}},"15":{"start":{"line":22,"column":14},"end":{"line":22,"column":39}},"16":{"start":{"line":24,"column":16},"end":{"line":24,"column":43}},"17":{"start":{"line":26,"column":13},"end":{"line":26,"column":37}},"18":{"start":{"line":27,"column":43},"end":{"line":27,"column":65}},"19":{"start":{"line":28,"column":12},"end":{"line":28,"column":21}},"20":{"start":{"line":31,"column":0},"end":{"line":31,"column":24}},"21":{"start":{"line":32,"column":0},"end":{"line":32,"column":49}},"22":{"start":{"line":35,"column":0},"end":{"line":35,"column":24}},"23":{"start":{"line":38,"column":0},"end":{"line":40,"column":1}},"24":{"start":{"line":39,"column":2},"end":{"line":39,"column":25}},"25":{"start":{"line":43,"column":0},"end":{"line":43,"column":25}},"26":{"start":{"line":46,"column":0},"end":{"line":46,"column":18}},"27":{"start":{"line":49,"column":0},"end":{"line":49,"column":15}},"28":{"start":{"line":52,"column":16},"end":{"line":52,"column":65}},"29":{"start":{"line":53,"column":0},"end":{"line":53,"column":17}},"30":{"start":{"line":56,"column":0},"end":{"line":56,"column":15}},"31":{"start":{"line":59,"column":0},"end":{"line":59,"column":19}},"32":{"start":{"line":60,"column":0},"end":{"line":60,"column":39}},"33":{"start":{"line":63,"column":0},"end":{"line":63,"column":56}},"34":{"start":{"line":66,"column":0},"end":{"line":66,"column":24}},"35":{"start":{"line":67,"column":0},"end":{"line":67,"column":25}},"36":{"start":{"line":69,"column":0},"end":{"line":69,"column":29}},"37":{"start":{"line":72,"column":0},"end":{"line":72,"column":22}},"38":{"start":{"line":74,"column":0},"end":{"line":74,"column":21}}},"fnMap":{},"branchMap":{"0":{"loc":{"start":{"line":38,"column":0},"end":{"line":40,"column":1}},"type":"if","locations":[{"start":{"line":38,"column":0},"end":{"line":40,"column":1}},{"start":{"line":38,"column":0},"end":{"line":40,"column":1}}],"line":38}},"s":{"0":1,"1":1,"2":1,"3":1,"4":1,"5":1,"6":1,"7":1,"8":1,"9":1,"10":1,"11":1,"12":1,"13":1,"14":1,"15":1,"16":1,"17":1,"18":1,"19":1,"20":1,"21":1,"22":1,"23":1,"24":0,"25":1,"26":1,"27":1,"28":1,"29":1,"30":1,"31":1,"32":1,"33":1,"34":1,"35":1,"36":1,"37":1,"38":1},"f":{},"b":{"0":[0,1]},"_coverageSchema":"1a1c01bbd47fc00a2c39e90264f33305004495a9","hash":"84734bc466662d42ca387f9dbab059ddd4b955c0"}
,"/Users/sakuta/Desktop/Eorg-Server/constants.js": {"path":"/Users/sakuta/Desktop/Eorg-Server/constants.js","statementMap":{"0":{"start":{"line":1,"column":0},"end":{"line":5,"column":2}}},"fnMap":{},"branchMap":{},"s":{"0":1},"f":{},"b":{},"_coverageSchema":"1a1c01bbd47fc00a2c39e90264f33305004495a9","hash":"57ae2900da04cfd8d4d91879e64889f0d8f74330"}
,"/Users/sakuta/Desktop/Eorg-Server/db.js": {"path":"/Users/sakuta/Desktop/Eorg-Server/db.js","statementMap":{"0":{"start":{"line":1,"column":17},"end":{"line":1,"column":36}},"1":{"start":{"line":3,"column":11},"end":{"line":27,"column":1}},"2":{"start":{"line":5,"column":4},"end":{"line":16,"column":5}},"3":{"start":{"line":6,"column":17},"end":{"line":11,"column":8}},"4":{"start":{"line":13,"column":6},"end":{"line":13,"column":62}},"5":{"start":{"line":15,"column":6},"end":{"line":15,"column":68}},"6":{"start":{"line":19,"column":4},"end":{"line":25,"column":5}},"7":{"start":{"line":20,"column":6},"end":{"line":20,"column":32}},"8":{"start":{"line":22,"column":6},"end":{"line":22,"column":48}},"9":{"start":{"line":24,"column":6},"end":{"line":24,"column":71}},"10":{"start":{"line":29,"column":0},"end":{"line":29,"column":20}}},"fnMap":{"0":{"name":"(anonymous_0)","decl":{"start":{"line":4,"column":11},"end":{"line":4,"column":12}},"loc":{"start":{"line":4,"column":23},"end":{"line":17,"column":3}},"line":4},"1":{"name":"(anonymous_1)","decl":{"start":{"line":18,"column":14},"end":{"line":18,"column":15}},"loc":{"start":{"line":18,"column":24},"end":{"line":26,"column":3}},"line":18}},"branchMap":{},"s":{"0":1,"1":1,"2":2,"3":2,"4":2,"5":0,"6":1,"7":1,"8":1,"9":0,"10":1},"f":{"0":2,"1":1},"b":{},"_coverageSchema":"1a1c01bbd47fc00a2c39e90264f33305004495a9","hash":"3bd9d1056bd2c1cf85f3f3315d5c342dc145ee7a"}
,"/Users/sakuta/Desktop/Eorg-Server/controllers/auth.js": {"path":"/Users/sakuta/Desktop/Eorg-Server/controllers/auth.js","statementMap":{"0":{"start":{"line":1,"column":15},"end":{"line":1,"column":32}},"1":{"start":{"line":2,"column":21},"end":{"line":2,"column":58}},"2":{"start":{"line":3,"column":22},"end":{"line":3,"column":55}},"3":{"start":{"line":4,"column":18},"end":{"line":4,"column":47}},"4":{"start":{"line":5,"column":13},"end":{"line":5,"column":38}},"5":{"start":{"line":12,"column":0},"end":{"line":19,"column":3}},"6":{"start":{"line":13,"column":46},"end":{"line":13,"column":54}},"7":{"start":{"line":16,"column":15},"end":{"line":16,"column":69}},"8":{"start":{"line":18,"column":2},"end":{"line":18,"column":36}},"9":{"start":{"line":26,"column":0},"end":{"line":49,"column":3}},"10":{"start":{"line":27,"column":30},"end":{"line":27,"column":38}},"11":{"start":{"line":30,"column":2},"end":{"line":32,"column":3}},"12":{"start":{"line":31,"column":4},"end":{"line":31,"column":80}},"13":{"start":{"line":35,"column":15},"end":{"line":35,"column":64}},"14":{"start":{"line":37,"column":2},"end":{"line":39,"column":3}},"15":{"start":{"line":38,"column":4},"end":{"line":38,"column":58}},"16":{"start":{"line":42,"column":18},"end":{"line":42,"column":52}},"17":{"start":{"line":44,"column":2},"end":{"line":46,"column":3}},"18":{"start":{"line":45,"column":4},"end":{"line":45,"column":65}},"19":{"start":{"line":48,"column":2},"end":{"line":48,"column":36}},"20":{"start":{"line":56,"column":0},"end":{"line":63,"column":3}},"21":{"start":{"line":57,"column":2},"end":{"line":60,"column":5}},"22":{"start":{"line":62,"column":2},"end":{"line":62,"column":52}},"23":{"start":{"line":70,"column":0},"end":{"line":74,"column":3}},"24":{"start":{"line":71,"column":15},"end":{"line":71,"column":47}},"25":{"start":{"line":73,"column":2},"end":{"line":73,"column":54}},"26":{"start":{"line":81,"column":0},"end":{"line":98,"column":3}},"27":{"start":{"line":82,"column":43},"end":{"line":82,"column":51}},"28":{"start":{"line":84,"column":15},"end":{"line":84,"column":67}},"29":{"start":{"line":87,"column":18},"end":{"line":87,"column":59}},"30":{"start":{"line":89,"column":2},"end":{"line":91,"column":3}},"31":{"start":{"line":90,"column":4},"end":{"line":90,"column":65}},"32":{"start":{"line":93,"column":2},"end":{"line":93,"column":30}},"33":{"start":{"line":95,"column":2},"end":{"line":95,"column":20}},"34":{"start":{"line":97,"column":2},"end":{"line":97,"column":36}},"35":{"start":{"line":105,"column":0},"end":{"line":116,"column":3}},"36":{"start":{"line":106,"column":30},"end":{"line":106,"column":38}},"37":{"start":{"line":108,"column":25},"end":{"line":108,"column":44}},"38":{"start":{"line":110,"column":15},"end":{"line":113,"column":4}},"39":{"start":{"line":115,"column":2},"end":{"line":115,"column":54}},"40":{"start":{"line":123,"column":0},"end":{"line":157,"column":3}},"41":{"start":{"line":124,"column":20},"end":{"line":124,"column":28}},"42":{"start":{"line":126,"column":15},"end":{"line":126,"column":44}},"43":{"start":{"line":128,"column":2},"end":{"line":130,"column":3}},"44":{"start":{"line":129,"column":4},"end":{"line":129,"column":58}},"45":{"start":{"line":133,"column":21},"end":{"line":133,"column":55}},"46":{"start":{"line":135,"column":2},"end":{"line":135,"column":49}},"47":{"start":{"line":138,"column":18},"end":{"line":138,"column":158}},"48":{"start":{"line":140,"column":2},"end":{"line":156,"column":3}},"49":{"start":{"line":141,"column":4},"end":{"line":145,"column":7}},"50":{"start":{"line":147,"column":4},"end":{"line":147,"column":64}},"51":{"start":{"line":149,"column":4},"end":{"line":149,"column":23}},"52":{"start":{"line":150,"column":4},"end":{"line":150,"column":40}},"53":{"start":{"line":151,"column":4},"end":{"line":151,"column":42}},"54":{"start":{"line":153,"column":4},"end":{"line":153,"column":51}},"55":{"start":{"line":155,"column":4},"end":{"line":155,"column":64}},"56":{"start":{"line":164,"column":0},"end":{"line":188,"column":3}},"57":{"start":{"line":166,"column":29},"end":{"line":169,"column":18}},"58":{"start":{"line":171,"column":15},"end":{"line":174,"column":4}},"59":{"start":{"line":176,"column":2},"end":{"line":178,"column":3}},"60":{"start":{"line":177,"column":4},"end":{"line":177,"column":57}},"61":{"start":{"line":181,"column":2},"end":{"line":181,"column":36}},"62":{"start":{"line":182,"column":2},"end":{"line":182,"column":38}},"63":{"start":{"line":183,"column":2},"end":{"line":183,"column":40}},"64":{"start":{"line":185,"column":2},"end":{"line":185,"column":20}},"65":{"start":{"line":187,"column":2},"end":{"line":187,"column":36}},"66":{"start":{"line":191,"column":26},"end":{"line":210,"column":1}},"67":{"start":{"line":193,"column":16},"end":{"line":193,"column":35}},"68":{"start":{"line":195,"column":18},"end":{"line":200,"column":3}},"69":{"start":{"line":202,"column":2},"end":{"line":204,"column":3}},"70":{"start":{"line":203,"column":4},"end":{"line":203,"column":26}},"71":{"start":{"line":206,"column":2},"end":{"line":209,"column":61}}},"fnMap":{"0":{"name":"(anonymous_0)","decl":{"start":{"line":12,"column":32},"end":{"line":12,"column":33}},"loc":{"start":{"line":12,"column":58},"end":{"line":19,"column":1}},"line":12},"1":{"name":"(anonymous_1)","decl":{"start":{"line":26,"column":29},"end":{"line":26,"column":30}},"loc":{"start":{"line":26,"column":55},"end":{"line":49,"column":1}},"line":26},"2":{"name":"(anonymous_2)","decl":{"start":{"line":56,"column":30},"end":{"line":56,"column":31}},"loc":{"start":{"line":56,"column":56},"end":{"line":63,"column":1}},"line":56},"3":{"name":"(anonymous_3)","decl":{"start":{"line":70,"column":34},"end":{"line":70,"column":35}},"loc":{"start":{"line":70,"column":60},"end":{"line":74,"column":1}},"line":70},"4":{"name":"(anonymous_4)","decl":{"start":{"line":81,"column":38},"end":{"line":81,"column":39}},"loc":{"start":{"line":81,"column":64},"end":{"line":98,"column":1}},"line":81},"5":{"name":"(anonymous_5)","decl":{"start":{"line":105,"column":37},"end":{"line":105,"column":38}},"loc":{"start":{"line":105,"column":63},"end":{"line":116,"column":1}},"line":105},"6":{"name":"(anonymous_6)","decl":{"start":{"line":123,"column":38},"end":{"line":123,"column":39}},"loc":{"start":{"line":123,"column":64},"end":{"line":157,"column":1}},"line":123},"7":{"name":"(anonymous_7)","decl":{"start":{"line":164,"column":37},"end":{"line":164,"column":38}},"loc":{"start":{"line":164,"column":63},"end":{"line":188,"column":1}},"line":164},"8":{"name":"(anonymous_8)","decl":{"start":{"line":191,"column":26},"end":{"line":191,"column":27}},"loc":{"start":{"line":191,"column":53},"end":{"line":210,"column":1}},"line":191}},"branchMap":{"0":{"loc":{"start":{"line":30,"column":2},"end":{"line":32,"column":3}},"type":"if","locations":[{"start":{"line":30,"column":2},"end":{"line":32,"column":3}},{"start":{"line":30,"column":2},"end":{"line":32,"column":3}}],"line":30},"1":{"loc":{"start":{"line":30,"column":6},"end":{"line":30,"column":25}},"type":"binary-expr","locations":[{"start":{"line":30,"column":6},"end":{"line":30,"column":12}},{"start":{"line":30,"column":16},"end":{"line":30,"column":25}}],"line":30},"2":{"loc":{"start":{"line":37,"column":2},"end":{"line":39,"column":3}},"type":"if","locations":[{"start":{"line":37,"column":2},"end":{"line":39,"column":3}},{"start":{"line":37,"column":2},"end":{"line":39,"column":3}}],"line":37},"3":{"loc":{"start":{"line":44,"column":2},"end":{"line":46,"column":3}},"type":"if","locations":[{"start":{"line":44,"column":2},"end":{"line":46,"column":3}},{"start":{"line":44,"column":2},"end":{"line":46,"column":3}}],"line":44},"4":{"loc":{"start":{"line":89,"column":2},"end":{"line":91,"column":3}},"type":"if","locations":[{"start":{"line":89,"column":2},"end":{"line":91,"column":3}},{"start":{"line":89,"column":2},"end":{"line":91,"column":3}}],"line":89},"5":{"loc":{"start":{"line":128,"column":2},"end":{"line":130,"column":3}},"type":"if","locations":[{"start":{"line":128,"column":2},"end":{"line":130,"column":3}},{"start":{"line":128,"column":2},"end":{"line":130,"column":3}}],"line":128},"6":{"loc":{"start":{"line":176,"column":2},"end":{"line":178,"column":3}},"type":"if","locations":[{"start":{"line":176,"column":2},"end":{"line":178,"column":3}},{"start":{"line":176,"column":2},"end":{"line":178,"column":3}}],"line":176},"7":{"loc":{"start":{"line":202,"column":2},"end":{"line":204,"column":3}},"type":"if","locations":[{"start":{"line":202,"column":2},"end":{"line":204,"column":3}},{"start":{"line":202,"column":2},"end":{"line":204,"column":3}}],"line":202}},"s":{"0":1,"1":1,"2":1,"3":1,"4":1,"5":1,"6":1,"7":1,"8":1,"9":1,"10":3,"11":3,"12":2,"13":1,"14":1,"15":1,"16":0,"17":0,"18":0,"19":0,"20":1,"21":0,"22":0,"23":1,"24":0,"25":0,"26":1,"27":0,"28":0,"29":0,"30":0,"31":0,"32":0,"33":0,"34":0,"35":1,"36":0,"37":0,"38":0,"39":0,"40":1,"41":0,"42":0,"43":0,"44":0,"45":0,"46":0,"47":0,"48":0,"49":0,"50":0,"51":0,"52":0,"53":0,"54":0,"55":0,"56":1,"57":0,"58":0,"59":0,"60":0,"61":0,"62":0,"63":0,"64":0,"65":0,"66":1,"67":1,"68":1,"69":1,"70":0,"71":1},"f":{"0":1,"1":3,"2":0,"3":0,"4":0,"5":0,"6":0,"7":0,"8":1},"b":{"0":[2,1],"1":[3,2],"2":[1,0],"3":[0,0],"4":[0,0],"5":[0,0],"6":[0,0],"7":[0,1]},"_coverageSchema":"1a1c01bbd47fc00a2c39e90264f33305004495a9","hash":"4e6d026500b7fb8ca83e7360afdbe39e031ab172"}
,"/Users/sakuta/Desktop/Eorg-Server/controllers/figures.js": {"path":"/Users/sakuta/Desktop/Eorg-Server/controllers/figures.js","statementMap":{"0":{"start":{"line":1,"column":13},"end":{"line":1,"column":28}},"1":{"start":{"line":2,"column":11},"end":{"line":2,"column":24}},"2":{"start":{"line":3,"column":21},"end":{"line":3,"column":58}},"3":{"start":{"line":4,"column":22},"end":{"line":4,"column":55}},"4":{"start":{"line":5,"column":13},"end":{"line":5,"column":38}},"5":{"start":{"line":6,"column":15},"end":{"line":6,"column":42}},"6":{"start":{"line":13,"column":0},"end":{"line":34,"column":3}},"7":{"start":{"line":14,"column":15},"end":{"line":14,"column":47}},"8":{"start":{"line":16,"column":23},"end":{"line":16,"column":31}},"9":{"start":{"line":18,"column":2},"end":{"line":20,"column":3}},"10":{"start":{"line":19,"column":4},"end":{"line":19,"column":65}},"11":{"start":{"line":22,"column":2},"end":{"line":33,"column":3}},"12":{"start":{"line":23,"column":4},"end":{"line":27,"column":7}},"13":{"start":{"line":29,"column":4},"end":{"line":29,"column":44}},"14":{"start":{"line":31,"column":4},"end":{"line":31,"column":21}},"15":{"start":{"line":32,"column":4},"end":{"line":32,"column":45}},"16":{"start":{"line":41,"column":0},"end":{"line":51,"column":3}},"17":{"start":{"line":42,"column":17},"end":{"line":42,"column":64}},"18":{"start":{"line":44,"column":2},"end":{"line":50,"column":3}},"19":{"start":{"line":45,"column":4},"end":{"line":47,"column":7}},"20":{"start":{"line":46,"column":6},"end":{"line":46,"column":33}},"21":{"start":{"line":49,"column":4},"end":{"line":49,"column":45}}},"fnMap":{"0":{"name":"(anonymous_0)","decl":{"start":{"line":13,"column":30},"end":{"line":13,"column":31}},"loc":{"start":{"line":13,"column":56},"end":{"line":34,"column":1}},"line":13},"1":{"name":"(anonymous_1)","decl":{"start":{"line":41,"column":32},"end":{"line":41,"column":33}},"loc":{"start":{"line":41,"column":58},"end":{"line":51,"column":1}},"line":41},"2":{"name":"(anonymous_2)","decl":{"start":{"line":45,"column":54},"end":{"line":45,"column":55}},"loc":{"start":{"line":45,"column":69},"end":{"line":47,"column":5}},"line":45}},"branchMap":{"0":{"loc":{"start":{"line":18,"column":2},"end":{"line":20,"column":3}},"type":"if","locations":[{"start":{"line":18,"column":2},"end":{"line":20,"column":3}},{"start":{"line":18,"column":2},"end":{"line":20,"column":3}}],"line":18}},"s":{"0":1,"1":1,"2":1,"3":1,"4":1,"5":1,"6":1,"7":0,"8":0,"9":0,"10":0,"11":0,"12":0,"13":0,"14":0,"15":0,"16":1,"17":0,"18":0,"19":0,"20":0,"21":0},"f":{"0":0,"1":0,"2":0},"b":{"0":[0,0]},"_coverageSchema":"1a1c01bbd47fc00a2c39e90264f33305004495a9","hash":"11288798e03a0330b74cdaa549d28cc750427530"}
,"/Users/sakuta/Desktop/Eorg-Server/controllers/users.js": {"path":"/Users/sakuta/Desktop/Eorg-Server/controllers/users.js","statementMap":{"0":{"start":{"line":1,"column":21},"end":{"line":1,"column":58}},"1":{"start":{"line":2,"column":13},"end":{"line":2,"column":38}},"2":{"start":{"line":9,"column":0},"end":{"line":13,"column":3}},"3":{"start":{"line":10,"column":16},"end":{"line":10,"column":35}},"4":{"start":{"line":12,"column":2},"end":{"line":12,"column":76}}},"fnMap":{"0":{"name":"(anonymous_0)","decl":{"start":{"line":9,"column":32},"end":{"line":9,"column":33}},"loc":{"start":{"line":9,"column":58},"end":{"line":13,"column":1}},"line":9}},"branchMap":{},"s":{"0":1,"1":1,"2":1,"3":0,"4":0},"f":{"0":0},"b":{},"_coverageSchema":"1a1c01bbd47fc00a2c39e90264f33305004495a9","hash":"ba1c6457e4b3fd3adb910ab79a6bc370ae314add"}
,"/Users/sakuta/Desktop/Eorg-Server/middleware/asyncHandler.js": {"path":"/Users/sakuta/Desktop/Eorg-Server/middleware/asyncHandler.js","statementMap":{"0":{"start":{"line":1,"column":21},"end":{"line":3,"column":1}},"1":{"start":{"line":1,"column":29},"end":{"line":3,"column":1}},"2":{"start":{"line":2,"column":2},"end":{"line":2,"column":50}},"3":{"start":{"line":5,"column":0},"end":{"line":5,"column":30}}},"fnMap":{"0":{"name":"(anonymous_0)","decl":{"start":{"line":1,"column":21},"end":{"line":1,"column":22}},"loc":{"start":{"line":1,"column":29},"end":{"line":3,"column":1}},"line":1},"1":{"name":"(anonymous_1)","decl":{"start":{"line":1,"column":29},"end":{"line":1,"column":30}},"loc":{"start":{"line":1,"column":49},"end":{"line":3,"column":1}},"line":1}},"branchMap":{},"s":{"0":1,"1":12,"2":4,"3":1},"f":{"0":12,"1":4},"b":{},"_coverageSchema":"1a1c01bbd47fc00a2c39e90264f33305004495a9","hash":"3e629feea7b94b5f59c4359852f2432874af3f2a"}
,"/Users/sakuta/Desktop/Eorg-Server/middleware/auth.js": {"path":"/Users/sakuta/Desktop/Eorg-Server/middleware/auth.js","statementMap":{"0":{"start":{"line":1,"column":12},"end":{"line":1,"column":35}},"1":{"start":{"line":2,"column":21},"end":{"line":2,"column":46}},"2":{"start":{"line":3,"column":22},"end":{"line":3,"column":55}},"3":{"start":{"line":4,"column":13},"end":{"line":4,"column":38}},"4":{"start":{"line":7,"column":0},"end":{"line":36,"column":3}},"5":{"start":{"line":10,"column":2},"end":{"line":15,"column":3}},"6":{"start":{"line":14,"column":4},"end":{"line":14,"column":52}},"7":{"start":{"line":18,"column":2},"end":{"line":22,"column":3}},"8":{"start":{"line":19,"column":4},"end":{"line":21,"column":6}},"9":{"start":{"line":24,"column":2},"end":{"line":35,"column":3}},"10":{"start":{"line":26,"column":20},"end":{"line":26,"column":61}},"11":{"start":{"line":28,"column":4},"end":{"line":28,"column":25}},"12":{"start":{"line":30,"column":4},"end":{"line":30,"column":47}},"13":{"start":{"line":32,"column":4},"end":{"line":32,"column":11}},"14":{"start":{"line":34,"column":4},"end":{"line":34,"column":79}},"15":{"start":{"line":39,"column":0},"end":{"line":52,"column":2}},"16":{"start":{"line":40,"column":2},"end":{"line":51,"column":4}},"17":{"start":{"line":41,"column":4},"end":{"line":48,"column":5}},"18":{"start":{"line":42,"column":6},"end":{"line":47,"column":8}},"19":{"start":{"line":50,"column":4},"end":{"line":50,"column":11}}},"fnMap":{"0":{"name":"(anonymous_0)","decl":{"start":{"line":7,"column":31},"end":{"line":7,"column":32}},"loc":{"start":{"line":7,"column":57},"end":{"line":36,"column":1}},"line":7},"1":{"name":"(anonymous_1)","decl":{"start":{"line":39,"column":20},"end":{"line":39,"column":21}},"loc":{"start":{"line":39,"column":34},"end":{"line":52,"column":1}},"line":39},"2":{"name":"(anonymous_2)","decl":{"start":{"line":40,"column":9},"end":{"line":40,"column":10}},"loc":{"start":{"line":40,"column":29},"end":{"line":51,"column":3}},"line":40}},"branchMap":{"0":{"loc":{"start":{"line":10,"column":2},"end":{"line":15,"column":3}},"type":"if","locations":[{"start":{"line":10,"column":2},"end":{"line":15,"column":3}},{"start":{"line":10,"column":2},"end":{"line":15,"column":3}}],"line":10},"1":{"loc":{"start":{"line":11,"column":4},"end":{"line":12,"column":50}},"type":"binary-expr","locations":[{"start":{"line":11,"column":4},"end":{"line":11,"column":29}},{"start":{"line":12,"column":4},"end":{"line":12,"column":50}}],"line":11},"2":{"loc":{"start":{"line":18,"column":2},"end":{"line":22,"column":3}},"type":"if","locations":[{"start":{"line":18,"column":2},"end":{"line":22,"column":3}},{"start":{"line":18,"column":2},"end":{"line":22,"column":3}}],"line":18},"3":{"loc":{"start":{"line":41,"column":4},"end":{"line":48,"column":5}},"type":"if","locations":[{"start":{"line":41,"column":4},"end":{"line":48,"column":5}},{"start":{"line":41,"column":4},"end":{"line":48,"column":5}}],"line":41}},"s":{"0":1,"1":1,"2":1,"3":1,"4":1,"5":0,"6":0,"7":0,"8":0,"9":0,"10":0,"11":0,"12":0,"13":0,"14":0,"15":1,"16":1,"17":0,"18":0,"19":0},"f":{"0":0,"1":1,"2":0},"b":{"0":[0,0],"1":[0,0],"2":[0,0],"3":[0,0]},"_coverageSchema":"1a1c01bbd47fc00a2c39e90264f33305004495a9","hash":"b333364f682ecac2547b4414a013861576c5733e"}
,"/Users/sakuta/Desktop/Eorg-Server/middleware/errorHandler.js": {"path":"/Users/sakuta/Desktop/Eorg-Server/middleware/errorHandler.js","statementMap":{"0":{"start":{"line":1,"column":22},"end":{"line":1,"column":55}},"1":{"start":{"line":3,"column":21},"end":{"line":40,"column":1}},"2":{"start":{"line":4,"column":14},"end":{"line":4,"column":24}},"3":{"start":{"line":6,"column":2},"end":{"line":6,"column":30}},"4":{"start":{"line":9,"column":2},"end":{"line":9,"column":19}},"5":{"start":{"line":11,"column":2},"end":{"line":35,"column":3}},"6":{"start":{"line":14,"column":6},"end":{"line":14,"column":59}},"7":{"start":{"line":15,"column":6},"end":{"line":15,"column":12}},"8":{"start":{"line":19,"column":6},"end":{"line":22,"column":8}},"9":{"start":{"line":23,"column":6},"end":{"line":23,"column":12}},"10":{"start":{"line":27,"column":22},"end":{"line":29,"column":19}},"11":{"start":{"line":28,"column":22},"end":{"line":28,"column":33}},"12":{"start":{"line":30,"column":6},"end":{"line":30,"column":46}},"13":{"start":{"line":31,"column":6},"end":{"line":31,"column":12}},"14":{"start":{"line":34,"column":6},"end":{"line":34,"column":12}},"15":{"start":{"line":37,"column":2},"end":{"line":39,"column":70}},"16":{"start":{"line":42,"column":0},"end":{"line":42,"column":30}}},"fnMap":{"0":{"name":"(anonymous_0)","decl":{"start":{"line":3,"column":21},"end":{"line":3,"column":22}},"loc":{"start":{"line":3,"column":46},"end":{"line":40,"column":1}},"line":3},"1":{"name":"(anonymous_1)","decl":{"start":{"line":28,"column":13},"end":{"line":28,"column":14}},"loc":{"start":{"line":28,"column":22},"end":{"line":28,"column":33}},"line":28}},"branchMap":{"0":{"loc":{"start":{"line":11,"column":2},"end":{"line":35,"column":3}},"type":"switch","locations":[{"start":{"line":13,"column":4},"end":{"line":15,"column":12}},{"start":{"line":18,"column":4},"end":{"line":23,"column":12}},{"start":{"line":26,"column":4},"end":{"line":31,"column":12}},{"start":{"line":33,"column":4},"end":{"line":34,"column":12}}],"line":11},"1":{"loc":{"start":{"line":38,"column":12},"end":{"line":38,"column":35}},"type":"binary-expr","locations":[{"start":{"line":38,"column":12},"end":{"line":38,"column":28}},{"start":{"line":38,"column":32},"end":{"line":38,"column":35}}],"line":38},"2":{"loc":{"start":{"line":39,"column":35},"end":{"line":39,"column":66}},"type":"binary-expr","locations":[{"start":{"line":39,"column":35},"end":{"line":39,"column":48}},{"start":{"line":39,"column":52},"end":{"line":39,"column":66}}],"line":39}},"s":{"0":1,"1":1,"2":3,"3":3,"4":3,"5":3,"6":0,"7":0,"8":0,"9":0,"10":0,"11":0,"12":0,"13":0,"14":3,"15":3,"16":1},"f":{"0":3,"1":0},"b":{"0":[0,0,0,3],"1":[3,0],"2":[3,0]},"_coverageSchema":"1a1c01bbd47fc00a2c39e90264f33305004495a9","hash":"636331c75d4281eb4e7936faccb9f378f0591183"}
,"/Users/sakuta/Desktop/Eorg-Server/middleware/upload.js": {"path":"/Users/sakuta/Desktop/Eorg-Server/middleware/upload.js","statementMap":{"0":{"start":{"line":1,"column":15},"end":{"line":1,"column":32}},"1":{"start":{"line":2,"column":11},"end":{"line":2,"column":24}},"2":{"start":{"line":3,"column":13},"end":{"line":3,"column":38}},"3":{"start":{"line":5,"column":16},"end":{"line":16,"column":2}},"4":{"start":{"line":7,"column":17},"end":{"line":7,"column":49}},"5":{"start":{"line":8,"column":25},"end":{"line":8,"column":29}},"6":{"start":{"line":9,"column":16},"end":{"line":9,"column":44}},"7":{"start":{"line":10,"column":4},"end":{"line":10,"column":43}},"8":{"start":{"line":11,"column":4},"end":{"line":11,"column":18}},"9":{"start":{"line":14,"column":4},"end":{"line":14,"column":32}},"10":{"start":{"line":18,"column":24},"end":{"line":23,"column":1}},"11":{"start":{"line":19,"column":2},"end":{"line":21,"column":3}},"12":{"start":{"line":20,"column":4},"end":{"line":20,"column":68}},"13":{"start":{"line":22,"column":2},"end":{"line":22,"column":17}},"14":{"start":{"line":25,"column":15},"end":{"line":28,"column":2}},"15":{"start":{"line":30,"column":0},"end":{"line":30,"column":45}}},"fnMap":{"0":{"name":"(anonymous_0)","decl":{"start":{"line":6,"column":15},"end":{"line":6,"column":16}},"loc":{"start":{"line":6,"column":40},"end":{"line":12,"column":3}},"line":6},"1":{"name":"(anonymous_1)","decl":{"start":{"line":13,"column":12},"end":{"line":13,"column":13}},"loc":{"start":{"line":13,"column":31},"end":{"line":15,"column":3}},"line":13},"2":{"name":"(anonymous_2)","decl":{"start":{"line":18,"column":24},"end":{"line":18,"column":25}},"loc":{"start":{"line":18,"column":43},"end":{"line":23,"column":1}},"line":18}},"branchMap":{"0":{"loc":{"start":{"line":19,"column":2},"end":{"line":21,"column":3}},"type":"if","locations":[{"start":{"line":19,"column":2},"end":{"line":21,"column":3}},{"start":{"line":19,"column":2},"end":{"line":21,"column":3}}],"line":19}},"s":{"0":1,"1":1,"2":1,"3":1,"4":0,"5":0,"6":0,"7":0,"8":0,"9":0,"10":1,"11":0,"12":0,"13":0,"14":1,"15":1},"f":{"0":0,"1":0,"2":0},"b":{"0":[0,0]},"_coverageSchema":"1a1c01bbd47fc00a2c39e90264f33305004495a9","hash":"72a9e3d1aa9fd2c7654968b3301160026a9cf782"}
,"/Users/sakuta/Desktop/Eorg-Server/models/figure.js": {"path":"/Users/sakuta/Desktop/Eorg-Server/models/figure.js","statementMap":{"0":{"start":{"line":1,"column":17},"end":{"line":1,"column":36}},"1":{"start":{"line":2,"column":19},"end":{"line":2,"column":27}},"2":{"start":{"line":4,"column":15},"end":{"line":20,"column":1}},"3":{"start":{"line":22,"column":0},"end":{"line":22,"column":50}}},"fnMap":{},"branchMap":{},"s":{"0":1,"1":1,"2":1,"3":1},"f":{},"b":{},"_coverageSchema":"1a1c01bbd47fc00a2c39e90264f33305004495a9","hash":"5d91fba365d2f4c5d7629a213b9ece1fe20aeeee"}
,"/Users/sakuta/Desktop/Eorg-Server/models/user.js": {"path":"/Users/sakuta/Desktop/Eorg-Server/models/user.js","statementMap":{"0":{"start":{"line":1,"column":17},"end":{"line":1,"column":36}},"1":{"start":{"line":2,"column":15},"end":{"line":2,"column":32}},"2":{"start":{"line":3,"column":15},"end":{"line":3,"column":34}},"3":{"start":{"line":4,"column":12},"end":{"line":4,"column":35}},"4":{"start":{"line":6,"column":19},"end":{"line":6,"column":27}},"5":{"start":{"line":8,"column":13},"end":{"line":38,"column":1}},"6":{"start":{"line":41,"column":0},"end":{"line":48,"column":3}},"7":{"start":{"line":42,"column":2},"end":{"line":44,"column":3}},"8":{"start":{"line":43,"column":4},"end":{"line":43,"column":11}},"9":{"start":{"line":46,"column":15},"end":{"line":46,"column":39}},"10":{"start":{"line":47,"column":2},"end":{"line":47,"column":57}},"11":{"start":{"line":51,"column":0},"end":{"line":55,"column":2}},"12":{"start":{"line":52,"column":2},"end":{"line":54,"column":5}},"13":{"start":{"line":58,"column":0},"end":{"line":60,"column":2}},"14":{"start":{"line":59,"column":2},"end":{"line":59,"column":62}},"15":{"start":{"line":63,"column":0},"end":{"line":77,"column":2}},"16":{"start":{"line":65,"column":21},"end":{"line":65,"column":59}},"17":{"start":{"line":68,"column":2},"end":{"line":71,"column":19}},"18":{"start":{"line":74,"column":2},"end":{"line":74,"column":58}},"19":{"start":{"line":76,"column":2},"end":{"line":76,"column":20}},"20":{"start":{"line":79,"column":0},"end":{"line":79,"column":46}}},"fnMap":{"0":{"name":"(anonymous_0)","decl":{"start":{"line":41,"column":17},"end":{"line":41,"column":18}},"loc":{"start":{"line":41,"column":39},"end":{"line":48,"column":1}},"line":41},"1":{"name":"(anonymous_1)","decl":{"start":{"line":51,"column":28},"end":{"line":51,"column":29}},"loc":{"start":{"line":51,"column":40},"end":{"line":55,"column":1}},"line":51},"2":{"name":"(anonymous_2)","decl":{"start":{"line":58,"column":29},"end":{"line":58,"column":30}},"loc":{"start":{"line":58,"column":62},"end":{"line":60,"column":1}},"line":58},"3":{"name":"(anonymous_3)","decl":{"start":{"line":63,"column":37},"end":{"line":63,"column":38}},"loc":{"start":{"line":63,"column":55},"end":{"line":77,"column":1}},"line":63}},"branchMap":{"0":{"loc":{"start":{"line":42,"column":2},"end":{"line":44,"column":3}},"type":"if","locations":[{"start":{"line":42,"column":2},"end":{"line":44,"column":3}},{"start":{"line":42,"column":2},"end":{"line":44,"column":3}}],"line":42}},"s":{"0":1,"1":1,"2":1,"3":1,"4":1,"5":1,"6":1,"7":1,"8":0,"9":1,"10":1,"11":1,"12":1,"13":1,"14":0,"15":1,"16":0,"17":0,"18":0,"19":0,"20":1},"f":{"0":1,"1":1,"2":0,"3":0},"b":{"0":[0,1]},"_coverageSchema":"1a1c01bbd47fc00a2c39e90264f33305004495a9","hash":"b47fe617f62dfad417bc81c0f746573f5cbc500a"}
,"/Users/sakuta/Desktop/Eorg-Server/routes/auth.js": {"path":"/Users/sakuta/Desktop/Eorg-Server/routes/auth.js","statementMap":{"0":{"start":{"line":1,"column":16},"end":{"line":1,"column":34}},"1":{"start":{"line":11,"column":4},"end":{"line":11,"column":34}},"2":{"start":{"line":13,"column":15},"end":{"line":13,"column":31}},"3":{"start":{"line":15,"column":20},"end":{"line":15,"column":49}},"4":{"start":{"line":17,"column":0},"end":{"line":17,"column":35}},"5":{"start":{"line":18,"column":0},"end":{"line":18,"column":29}},"6":{"start":{"line":19,"column":0},"end":{"line":19,"column":39}},"7":{"start":{"line":20,"column":0},"end":{"line":20,"column":44}},"8":{"start":{"line":21,"column":0},"end":{"line":21,"column":55}},"9":{"start":{"line":22,"column":0},"end":{"line":22,"column":53}},"10":{"start":{"line":23,"column":0},"end":{"line":23,"column":47}},"11":{"start":{"line":24,"column":0},"end":{"line":24,"column":56}},"12":{"start":{"line":26,"column":0},"end":{"line":26,"column":24}}},"fnMap":{},"branchMap":{},"s":{"0":1,"1":1,"2":1,"3":1,"4":1,"5":1,"6":1,"7":1,"8":1,"9":1,"10":1,"11":1,"12":1},"f":{},"b":{},"_coverageSchema":"1a1c01bbd47fc00a2c39e90264f33305004495a9","hash":"b7009de8c3c04cad5c3b007c6534913dcc93addc"}
,"/Users/sakuta/Desktop/Eorg-Server/routes/cors.js": {"path":"/Users/sakuta/Desktop/Eorg-Server/routes/cors.js","statementMap":{"0":{"start":{"line":1,"column":13},"end":{"line":1,"column":28}},"1":{"start":{"line":3,"column":18},"end":{"line":10,"column":1}},"2":{"start":{"line":12,"column":28},"end":{"line":21,"column":1}},"3":{"start":{"line":15,"column":2},"end":{"line":19,"column":3}},"4":{"start":{"line":16,"column":4},"end":{"line":16,"column":35}},"5":{"start":{"line":18,"column":4},"end":{"line":18,"column":36}},"6":{"start":{"line":20,"column":2},"end":{"line":20,"column":30}},"7":{"start":{"line":23,"column":0},"end":{"line":23,"column":22}},"8":{"start":{"line":24,"column":0},"end":{"line":24,"column":52}}},"fnMap":{"0":{"name":"(anonymous_0)","decl":{"start":{"line":12,"column":28},"end":{"line":12,"column":29}},"loc":{"start":{"line":12,"column":47},"end":{"line":21,"column":1}},"line":12}},"branchMap":{"0":{"loc":{"start":{"line":15,"column":2},"end":{"line":19,"column":3}},"type":"if","locations":[{"start":{"line":15,"column":2},"end":{"line":19,"column":3}},{"start":{"line":15,"column":2},"end":{"line":19,"column":3}}],"line":15}},"s":{"0":1,"1":1,"2":1,"3":0,"4":0,"5":0,"6":0,"7":1,"8":1},"f":{"0":0},"b":{"0":[0,0]},"_coverageSchema":"1a1c01bbd47fc00a2c39e90264f33305004495a9","hash":"cd7a2dddf4f124027940a20555dfd52a9ec414d9"}
,"/Users/sakuta/Desktop/Eorg-Server/routes/figures.js": {"path":"/Users/sakuta/Desktop/Eorg-Server/routes/figures.js","statementMap":{"0":{"start":{"line":1,"column":16},"end":{"line":1,"column":34}},"1":{"start":{"line":3,"column":29},"end":{"line":3,"column":62}},"2":{"start":{"line":5,"column":15},"end":{"line":5,"column":31}},"3":{"start":{"line":7,"column":20},"end":{"line":7,"column":49}},"4":{"start":{"line":8,"column":25},"end":{"line":8,"column":56}},"5":{"start":{"line":10,"column":0},"end":{"line":10,"column":44}},"6":{"start":{"line":12,"column":0},"end":{"line":12,"column":54}},"7":{"start":{"line":14,"column":0},"end":{"line":14,"column":24}}},"fnMap":{},"branchMap":{},"s":{"0":1,"1":1,"2":1,"3":1,"4":1,"5":1,"6":1,"7":1},"f":{},"b":{},"_coverageSchema":"1a1c01bbd47fc00a2c39e90264f33305004495a9","hash":"b9607d0053a8ab5317876643cd5d3e3dc5f29992"}
,"/Users/sakuta/Desktop/Eorg-Server/routes/users.js": {"path":"/Users/sakuta/Desktop/Eorg-Server/routes/users.js","statementMap":{"0":{"start":{"line":1,"column":14},"end":{"line":1,"column":32}},"1":{"start":{"line":2,"column":21},"end":{"line":2,"column":52}},"2":{"start":{"line":4,"column":15},"end":{"line":4,"column":52}},"3":{"start":{"line":6,"column":31},"end":{"line":6,"column":60}},"4":{"start":{"line":8,"column":0},"end":{"line":8,"column":20}},"5":{"start":{"line":9,"column":0},"end":{"line":9,"column":31}},"6":{"start":{"line":11,"column":0},"end":{"line":11,"column":32}},"7":{"start":{"line":13,"column":0},"end":{"line":13,"column":24}}},"fnMap":{},"branchMap":{},"s":{"0":1,"1":1,"2":1,"3":1,"4":1,"5":1,"6":1,"7":1},"f":{},"b":{},"_coverageSchema":"1a1c01bbd47fc00a2c39e90264f33305004495a9","hash":"b78972832a825e0ad69a18b69afb8c5321c27361"}
,"/Users/sakuta/Desktop/Eorg-Server/utils/errorResponse.js": {"path":"/Users/sakuta/Desktop/Eorg-Server/utils/errorResponse.js","statementMap":{"0":{"start":{"line":3,"column":4},"end":{"line":3,"column":19}},"1":{"start":{"line":4,"column":4},"end":{"line":4,"column":33}},"2":{"start":{"line":8,"column":0},"end":{"line":8,"column":31}}},"fnMap":{"0":{"name":"(anonymous_0)","decl":{"start":{"line":2,"column":2},"end":{"line":2,"column":3}},"loc":{"start":{"line":2,"column":35},"end":{"line":5,"column":3}},"line":2}},"branchMap":{},"s":{"0":3,"1":3,"2":1},"f":{"0":3},"b":{},"_coverageSchema":"1a1c01bbd47fc00a2c39e90264f33305004495a9","hash":"bf88ca589bb06cfd24150e0f8e2a8d98e7a3f00b"}
,"/Users/sakuta/Desktop/Eorg-Server/utils/sendEmail.js": {"path":"/Users/sakuta/Desktop/Eorg-Server/utils/sendEmail.js","statementMap":{"0":{"start":{"line":1,"column":19},"end":{"line":1,"column":40}},"1":{"start":{"line":3,"column":18},"end":{"line":23,"column":1}},"2":{"start":{"line":4,"column":22},"end":{"line":11,"column":4}},"3":{"start":{"line":13,"column":18},"end":{"line":18,"column":3}},"4":{"start":{"line":20,"column":15},"end":{"line":20,"column":50}},"5":{"start":{"line":22,"column":2},"end":{"line":22,"column":50}},"6":{"start":{"line":25,"column":0},"end":{"line":25,"column":27}}},"fnMap":{"0":{"name":"(anonymous_0)","decl":{"start":{"line":3,"column":18},"end":{"line":3,"column":19}},"loc":{"start":{"line":3,"column":37},"end":{"line":23,"column":1}},"line":3}},"branchMap":{},"s":{"0":1,"1":1,"2":0,"3":0,"4":0,"5":0,"6":1},"f":{"0":0},"b":{},"_coverageSchema":"1a1c01bbd47fc00a2c39e90264f33305004495a9","hash":"1106e8e401ccbfc79ebe2f64a3ad2498f1ef864a"}
}
