TN:
SF:app.js
FNF:0
FNH:0
DA:1,1
DA:2,1
DA:3,1
DA:4,1
DA:5,1
DA:6,1
DA:7,1
DA:8,1
DA:9,1
DA:10,1
DA:11,1
DA:12,1
DA:15,1
DA:18,1
DA:21,1
DA:22,1
DA:24,1
DA:26,1
DA:27,1
DA:30,1
DA:31,1
DA:34,1
DA:37,1
DA:38,0
DA:42,1
DA:45,1
DA:48,1
DA:51,1
DA:52,1
DA:55,1
DA:58,1
DA:59,1
DA:62,1
DA:65,1
DA:66,1
DA:68,1
DA:71,1
DA:73,1
LF:38
LH:37
BRDA:37,0,0,0
BRDA:37,0,1,1
BRF:2
BRH:1
end_of_record
TN:
SF:db.js
FN:4,(anonymous_0)
FN:18,(anonymous_1)
FNF:2
FNH:2
FNDA:2,(anonymous_0)
FNDA:1,(anonymous_1)
DA:1,1
DA:3,1
DA:5,2
DA:6,2
DA:13,2
DA:15,0
DA:19,1
DA:20,1
DA:22,1
DA:24,0
DA:29,1
LF:11
LH:9
BRF:0
BRH:0
end_of_record
TN:
SF:controllers/auth.js
FN:12,(anonymous_0)
FN:26,(anonymous_1)
FN:56,(anonymous_2)
FN:70,(anonymous_3)
FN:81,(anonymous_4)
FN:105,(anonymous_5)
FN:123,(anonymous_6)
FN:164,(anonymous_7)
FN:191,(anonymous_8)
FNF:9
FNH:2
FNDA:1,(anonymous_0)
FNDA:0,(anonymous_1)
FNDA:0,(anonymous_2)
FNDA:0,(anonymous_3)
FNDA:0,(anonymous_4)
FNDA:0,(anonymous_5)
FNDA:0,(anonymous_6)
FNDA:0,(anonymous_7)
FNDA:1,(anonymous_8)
DA:1,1
DA:2,1
DA:3,1
DA:4,1
DA:5,1
DA:12,1
DA:13,1
DA:16,1
DA:18,1
DA:26,1
DA:27,0
DA:30,0
DA:31,0
DA:35,0
DA:37,0
DA:38,0
DA:42,0
DA:44,0
DA:45,0
DA:48,0
DA:56,1
DA:57,0
DA:62,0
DA:70,1
DA:71,0
DA:73,0
DA:81,1
DA:82,0
DA:84,0
DA:87,0
DA:89,0
DA:90,0
DA:93,0
DA:95,0
DA:97,0
DA:105,1
DA:106,0
DA:108,0
DA:110,0
DA:115,0
DA:123,1
DA:124,0
DA:126,0
DA:128,0
DA:129,0
DA:133,0
DA:135,0
DA:138,0
DA:140,0
DA:141,0
DA:147,0
DA:149,0
DA:150,0
DA:151,0
DA:153,0
DA:155,0
DA:164,1
DA:166,0
DA:171,0
DA:176,0
DA:177,0
DA:181,0
DA:182,0
DA:183,0
DA:185,0
DA:187,0
DA:191,1
DA:193,1
DA:195,1
DA:202,1
DA:203,0
DA:206,1
LF:72
LH:21
BRDA:30,0,0,0
BRDA:30,0,1,0
BRDA:30,1,0,0
BRDA:30,1,1,0
BRDA:37,2,0,0
BRDA:37,2,1,0
BRDA:44,3,0,0
BRDA:44,3,1,0
BRDA:89,4,0,0
BRDA:89,4,1,0
BRDA:128,5,0,0
BRDA:128,5,1,0
BRDA:176,6,0,0
BRDA:176,6,1,0
BRDA:202,7,0,0
BRDA:202,7,1,1
BRF:16
BRH:1
end_of_record
TN:
SF:controllers/figures.js
FN:13,(anonymous_0)
FN:41,(anonymous_1)
FN:45,(anonymous_2)
FNF:3
FNH:0
FNDA:0,(anonymous_0)
FNDA:0,(anonymous_1)
FNDA:0,(anonymous_2)
DA:1,1
DA:2,1
DA:3,1
DA:4,1
DA:5,1
DA:6,1
DA:13,1
DA:14,0
DA:16,0
DA:18,0
DA:19,0
DA:22,0
DA:23,0
DA:29,0
DA:31,0
DA:32,0
DA:41,1
DA:42,0
DA:44,0
DA:45,0
DA:46,0
DA:49,0
LF:22
LH:8
BRDA:18,0,0,0
BRDA:18,0,1,0
BRF:2
BRH:0
end_of_record
TN:
SF:controllers/users.js
FN:9,(anonymous_0)
FNF:1
FNH:0
FNDA:0,(anonymous_0)
DA:1,1
DA:2,1
DA:9,1
DA:10,0
DA:12,0
LF:5
LH:3
BRF:0
BRH:0
end_of_record
TN:
SF:middleware/asyncHandler.js
FN:1,(anonymous_0)
FN:1,(anonymous_1)
FNF:2
FNH:2
FNDA:12,(anonymous_0)
FNDA:1,(anonymous_1)
DA:1,12
DA:2,1
DA:5,1
LF:3
LH:3
BRF:0
BRH:0
end_of_record
TN:
SF:middleware/auth.js
FN:7,(anonymous_0)
FN:39,(anonymous_1)
FN:40,(anonymous_2)
FNF:3
FNH:1
FNDA:0,(anonymous_0)
FNDA:1,(anonymous_1)
FNDA:0,(anonymous_2)
DA:1,1
DA:2,1
DA:3,1
DA:4,1
DA:7,1
DA:10,0
DA:14,0
DA:18,0
DA:19,0
DA:24,0
DA:26,0
DA:28,0
DA:30,0
DA:32,0
DA:34,0
DA:39,1
DA:40,1
DA:41,0
DA:42,0
DA:50,0
LF:20
LH:7
BRDA:10,0,0,0
BRDA:10,0,1,0
BRDA:11,1,0,0
BRDA:11,1,1,0
BRDA:18,2,0,0
BRDA:18,2,1,0
BRDA:41,3,0,0
BRDA:41,3,1,0
BRF:8
BRH:0
end_of_record
TN:
SF:middleware/errorHandler.js
FN:3,(anonymous_0)
FN:28,(anonymous_1)
FNF:2
FNH:0
FNDA:0,(anonymous_0)
FNDA:0,(anonymous_1)
DA:1,1
DA:3,1
DA:4,0
DA:6,0
DA:9,0
DA:11,0
DA:14,0
DA:15,0
DA:19,0
DA:23,0
DA:27,0
DA:28,0
DA:30,0
DA:31,0
DA:34,0
DA:37,0
DA:42,1
LF:17
LH:3
BRDA:11,0,0,0
BRDA:11,0,1,0
BRDA:11,0,2,0
BRDA:11,0,3,0
BRDA:38,1,0,0
BRDA:38,1,1,0
BRDA:39,2,0,0
BRDA:39,2,1,0
BRF:8
BRH:0
end_of_record
TN:
SF:middleware/upload.js
FN:6,(anonymous_0)
FN:13,(anonymous_1)
FN:18,(anonymous_2)
FNF:3
FNH:0
FNDA:0,(anonymous_0)
FNDA:0,(anonymous_1)
FNDA:0,(anonymous_2)
DA:1,1
DA:2,1
DA:3,1
DA:5,1
DA:7,0
DA:8,0
DA:9,0
DA:10,0
DA:11,0
DA:14,0
DA:18,1
DA:19,0
DA:20,0
DA:22,0
DA:25,1
DA:30,1
LF:16
LH:7
BRDA:19,0,0,0
BRDA:19,0,1,0
BRF:2
BRH:0
end_of_record
TN:
SF:models/figure.js
FNF:0
FNH:0
DA:1,1
DA:2,1
DA:4,1
DA:22,1
LF:4
LH:4
BRF:0
BRH:0
end_of_record
TN:
SF:models/user.js
FN:41,(anonymous_0)
FN:51,(anonymous_1)
FN:58,(anonymous_2)
FN:63,(anonymous_3)
FNF:4
FNH:2
FNDA:1,(anonymous_0)
FNDA:1,(anonymous_1)
FNDA:0,(anonymous_2)
FNDA:0,(anonymous_3)
DA:1,1
DA:2,1
DA:3,1
DA:4,1
DA:6,1
DA:8,1
DA:41,1
DA:42,1
DA:43,0
DA:46,1
DA:47,1
DA:51,1
DA:52,1
DA:58,1
DA:59,0
DA:63,1
DA:65,0
DA:68,0
DA:74,0
DA:76,0
DA:79,1
LF:21
LH:15
BRDA:42,0,0,0
BRDA:42,0,1,1
BRF:2
BRH:1
end_of_record
TN:
SF:routes/auth.js
FNF:0
FNH:0
DA:1,1
DA:11,1
DA:13,1
DA:15,1
DA:17,1
DA:18,1
DA:19,1
DA:20,1
DA:21,1
DA:22,1
DA:23,1
DA:24,1
DA:26,1
LF:13
LH:13
BRF:0
BRH:0
end_of_record
TN:
SF:routes/cors.js
FN:12,(anonymous_0)
FNF:1
FNH:0
FNDA:0,(anonymous_0)
DA:1,1
DA:3,1
DA:12,1
DA:15,0
DA:16,0
DA:18,0
DA:20,0
DA:23,1
DA:24,1
LF:9
LH:5
BRDA:15,0,0,0
BRDA:15,0,1,0
BRF:2
BRH:0
end_of_record
TN:
SF:routes/figures.js
FNF:0
FNH:0
DA:1,1
DA:3,1
DA:5,1
DA:7,1
DA:8,1
DA:10,1
DA:12,1
DA:14,1
LF:8
LH:8
BRF:0
BRH:0
end_of_record
TN:
SF:routes/users.js
FNF:0
FNH:0
DA:1,1
DA:2,1
DA:4,1
DA:6,1
DA:8,1
DA:9,1
DA:11,1
DA:13,1
LF:8
LH:8
BRF:0
BRH:0
end_of_record
TN:
SF:utils/errorResponse.js
FN:2,(anonymous_0)
FNF:1
FNH:0
FNDA:0,(anonymous_0)
DA:3,0
DA:4,0
DA:8,1
LF:3
LH:1
BRF:0
BRH:0
end_of_record
TN:
SF:utils/sendEmail.js
FN:3,(anonymous_0)
FNF:1
FNH:0
FNDA:0,(anonymous_0)
DA:1,1
DA:3,1
DA:4,0
DA:13,0
DA:20,0
DA:22,0
DA:25,1
LF:7
LH:3
BRF:0
BRH:0
end_of_record
